<?xml version="1.0" encoding="utf-8" standalone="no"?>
<!--This file represents the results of running a test suite-->
<test-results name="C:\Projects\ProSpec\Src\Sample\Bin\Sample.Acceptance.dll" total="1" errors="0" failures="0" not-run="0" inconclusive="0" ignored="0" skipped="0" invalid="0" date="2012-01-22" time="19:20:35">
  <environment nunit-version="2.5.9.10348" clr-version="2.0.50727.5448" os-version="Microsoft Windows NT 6.1.7601 Service Pack 1" platform="Win32NT" cwd="C:\Projects\ProSpec\Src\Sample\Tools\NUnit\bin\net-2.0" machine-name="KEVIN-PC" user="kevin" user-domain="kevin-PC" />
  <culture-info current-culture="es-AR" current-uiculture="en-US" />
  <test-suite type="Assembly" name="C:\Projects\ProSpec\Src\Sample\Bin\Sample.Acceptance.dll" executed="True" result="Success" success="True" time="15.206" asserts="0">
    <results>
      <test-suite type="Namespace" name="Sample" executed="True" result="Success" success="True" time="15.187" asserts="0">
        <results>
          <test-suite type="Namespace" name="Acceptance" executed="True" result="Success" success="True" time="15.177" asserts="0">
            <results>
              <test-suite type="Namespace" name="Features" executed="True" result="Success" success="True" time="15.177" asserts="0">
                <results>
                  <test-suite type="Namespace" name="UserAccount" executed="True" result="Success" success="True" time="15.167" asserts="0">
                    <results>
                      <test-suite type="TestFixture" name="LogInFeature" description="Log in" executed="True" result="Success" success="True" time="15.165" asserts="0">
                        <results>
                          <test-case name="Sample.Acceptance.Features.UserAccount.LogInFeature.LogInWithEmptyUserName" description="log in with empty user name" executed="True" result="Success" success="True" time="13.158" asserts="0" />
                        </results>
                      </test-suite>
                    </results>
                  </test-suite>
                </results>
              </test-suite>
            </results>
          </test-suite>
        </results>
      </test-suite>
    </results>
  </test-suite>
</test-results>